{"correlationId":"17d92c61-9e1d-4775-877e-9536f7deabbc","level":"info","message":"Initiating Didit verification","service":"didit-verification","timestamp":"2025-11-06 18:20:24","userId":"550e8400-e29b-41d4-a716-446655440000"}
{"level":"info","message":"Created new user for verification","service":"didit-verification","timestamp":"2025-11-06 18:20:24","userId":"550e8400-e29b-41d4-a716-446655440000"}
{"correlationId":"17d92c61-9e1d-4775-877e-9536f7deabbc","error":"timeout of 10000ms exceeded","level":"error","message":"Didit session creation failed","service":"didit-verification","timestamp":"2025-11-06 18:20:35","userId":"550e8400-e29b-41d4-a716-446655440000"}
{"correlationId":"9be19b71-dd52-4bdf-87cd-c553c15fe53a","level":"info","message":"Initiating Didit verification","service":"didit-verification","timestamp":"2025-11-06 18:28:40","userId":"7c786b4a-e25a-41e9-ae80-a6bd0774a97b"}
{"level":"info","message":"Created new user for verification","service":"didit-verification","timestamp":"2025-11-06 18:28:40","userId":"7c786b4a-e25a-41e9-ae80-a6bd0774a97b"}
{"correlationId":"9be19b71-dd52-4bdf-87cd-c553c15fe53a","error":{"detail":"You do not have permission to perform this action."},"level":"error","message":"Didit session creation failed","service":"didit-verification","timestamp":"2025-11-06 18:28:41","userId":"7c786b4a-e25a-41e9-ae80-a6bd0774a97b"}
{"correlationId":"737c5421-e4e6-40e4-874b-13bd8614e468","level":"info","message":"Initiating Didit verification","service":"didit-verification","timestamp":"2025-11-06 18:30:11","userId":"73e8287f-24b8-4673-ac7a-a83f4aa4ff75"}
{"level":"info","message":"Created new user for verification","service":"didit-verification","timestamp":"2025-11-06 18:30:11","userId":"73e8287f-24b8-4673-ac7a-a83f4aa4ff75"}
{"level":"info","message":"User verification retry incremented","retriesRemaining":1,"retryCount":1,"service":"didit-verification","timestamp":"2025-11-06 18:30:13","userId":"73e8287f-24b8-4673-ac7a-a83f4aa4ff75"}
{"correlationId":"737c5421-e4e6-40e4-874b-13bd8614e468","error":"req.app.locals.redis.setex is not a function","level":"error","message":"Didit session creation failed","service":"didit-verification","timestamp":"2025-11-06 18:30:13","userId":"73e8287f-24b8-4673-ac7a-a83f4aa4ff75"}
{"correlationId":"e133e217-3d18-4be7-871e-a4bac903798e","level":"info","message":"Initiating Didit verification","service":"didit-verification","timestamp":"2025-11-06 18:33:16","userId":"46eab97e-1fee-444d-84b3-7272b0410a88"}
{"level":"info","message":"Created new user for verification","service":"didit-verification","timestamp":"2025-11-06 18:33:16","userId":"46eab97e-1fee-444d-84b3-7272b0410a88"}
{"level":"info","message":"User verification retry incremented","retriesRemaining":1,"retryCount":1,"service":"didit-verification","timestamp":"2025-11-06 18:33:17","userId":"46eab97e-1fee-444d-84b3-7272b0410a88"}
{"level":"info","message":"Session stored in Redis","service":"didit-verification","session_id":"2a27282d-1eca-4673-8a82-5f7c25a0b4db","timestamp":"2025-11-06 18:33:17"}
{"correlationId":"e133e217-3d18-4be7-871e-a4bac903798e","level":"info","message":"Didit session created","service":"didit-verification","session_id":"2a27282d-1eca-4673-8a82-5f7c25a0b4db","timestamp":"2025-11-06 18:33:17","userId":"46eab97e-1fee-444d-84b3-7272b0410a88"}
{"correlationId":"f9c7462b-49d0-4d59-a6bf-3c8439f5f086","level":"info","message":"Initiating Didit verification","service":"didit-verification","timestamp":"2025-11-06 13:10:37","userId":"c47aab71-ef63-4896-8033-4416f65ab73b"}
{"correlationId":"f9c7462b-49d0-4d59-a6bf-3c8439f5f086","error":"\nInvalid `prisma.user.findUnique()` invocation:\n\n\nThe table `main.users` does not exist in the current database.","level":"error","message":"Didit session creation failed","service":"didit-verification","timestamp":"2025-11-06 13:10:37","userId":"c47aab71-ef63-4896-8033-4416f65ab73b"}
{"correlationId":"7843e02d-9e90-4d89-b83b-62680a4d1332","level":"info","message":"Initiating Didit verification","service":"didit-verification","timestamp":"2025-11-06 13:13:25","userId":"bb16772e-5f53-4959-af27-3fe76393b128"}
{"correlationId":"7843e02d-9e90-4d89-b83b-62680a4d1332","error":"\nInvalid `prisma.user.findUnique()` invocation:\n\n\nThe table `main.users` does not exist in the current database.","level":"error","message":"Didit session creation failed","service":"didit-verification","timestamp":"2025-11-06 13:13:25","userId":"bb16772e-5f53-4959-af27-3fe76393b128"}
{"correlationId":"c15a669f-dea6-4273-a168-76e1519d9ee3","level":"info","message":"Initiating Didit verification","service":"didit-verification","timestamp":"2025-11-06 18:51:44","userId":"bc931533-d613-4e52-a383-d6037393bfa7"}
{"level":"info","message":"Created new user for verification","service":"didit-verification","timestamp":"2025-11-06 18:51:44","userId":"bc931533-d613-4e52-a383-d6037393bfa7"}
{"level":"info","message":"User verification retry incremented","retriesRemaining":1,"retryCount":1,"service":"didit-verification","timestamp":"2025-11-06 18:51:45","userId":"bc931533-d613-4e52-a383-d6037393bfa7"}
{"error":"The client is closed","level":"warn","message":"Failed to store session in Redis, webhook correlation may fail","service":"didit-verification","session_id":"f6cee28b-44ea-40f8-a06e-6c50a525205a","timestamp":"2025-11-06 18:51:45"}
{"correlationId":"c15a669f-dea6-4273-a168-76e1519d9ee3","level":"info","message":"Didit session created","service":"didit-verification","session_id":"f6cee28b-44ea-40f8-a06e-6c50a525205a","timestamp":"2025-11-06 18:51:45","userId":"bc931533-d613-4e52-a383-d6037393bfa7"}
{"correlationId":"4fa501d6-2513-4149-917d-493872caddac","level":"info","message":"Initiating Didit verification","service":"didit-verification","timestamp":"2025-11-06 19:05:17","userId":"223f1e41-dd50-4fcf-8675-879ac6d42e6d"}
{"level":"info","message":"Created new user for verification","service":"didit-verification","timestamp":"2025-11-06 19:05:17","userId":"223f1e41-dd50-4fcf-8675-879ac6d42e6d"}
{"level":"info","message":"User verification retry incremented","retriesRemaining":1,"retryCount":1,"service":"didit-verification","timestamp":"2025-11-06 19:05:18","userId":"223f1e41-dd50-4fcf-8675-879ac6d42e6d"}
{"error":"The client is closed","level":"warn","message":"Failed to store session in Redis, webhook correlation may fail","service":"didit-verification","session_id":"5158d746-1246-4106-9171-a15f14f10737","timestamp":"2025-11-06 19:05:18"}
{"correlationId":"4fa501d6-2513-4149-917d-493872caddac","level":"info","message":"Didit session created","service":"didit-verification","session_id":"5158d746-1246-4106-9171-a15f14f10737","timestamp":"2025-11-06 19:05:18","userId":"223f1e41-dd50-4fcf-8675-879ac6d42e6d"}
{"correlationId":"61eacd3d-fb50-4965-bfb3-46a61ab40e03","level":"info","message":"Initiating Didit verification","service":"didit-verification","timestamp":"2025-11-06 19:06:30","userId":"ede12d7b-0089-49ca-abef-c1824953403f"}
{"level":"info","message":"Created new user for verification","service":"didit-verification","timestamp":"2025-11-06 19:06:30","userId":"ede12d7b-0089-49ca-abef-c1824953403f"}
{"level":"info","message":"User verification retry incremented","retriesRemaining":1,"retryCount":1,"service":"didit-verification","timestamp":"2025-11-06 19:06:31","userId":"ede12d7b-0089-49ca-abef-c1824953403f"}
{"error":"The client is closed","level":"warn","message":"Failed to store session in Redis, webhook correlation may fail","service":"didit-verification","session_id":"74ab878c-a9bb-4ca1-8ebb-7f20f2d31536","timestamp":"2025-11-06 19:06:31"}
{"correlationId":"61eacd3d-fb50-4965-bfb3-46a61ab40e03","level":"info","message":"Didit session created","service":"didit-verification","session_id":"74ab878c-a9bb-4ca1-8ebb-7f20f2d31536","timestamp":"2025-11-06 19:06:31","userId":"ede12d7b-0089-49ca-abef-c1824953403f"}
{"correlationId":"46b0756e-bc3a-4ecf-b7f1-048798a8cc34","level":"info","message":"Initiating Didit verification","service":"didit-verification","timestamp":"2025-11-06 19:13:17","userId":"94e5ed7f-af1b-4ea2-8ab2-9880406a29ca"}
{"level":"info","message":"Created new user for verification","service":"didit-verification","timestamp":"2025-11-06 19:13:17","userId":"94e5ed7f-af1b-4ea2-8ab2-9880406a29ca"}
{"level":"info","message":"User verification retry incremented","retriesRemaining":1,"retryCount":1,"service":"didit-verification","timestamp":"2025-11-06 19:13:18","userId":"94e5ed7f-af1b-4ea2-8ab2-9880406a29ca"}
{"level":"info","message":"Session stored in Redis","service":"didit-verification","session_id":"e4133d50-fb30-45ee-af69-8d8be512209b","timestamp":"2025-11-06 19:13:18"}
{"correlationId":"46b0756e-bc3a-4ecf-b7f1-048798a8cc34","level":"info","message":"Didit session created","service":"didit-verification","session_id":"e4133d50-fb30-45ee-af69-8d8be512209b","timestamp":"2025-11-06 19:13:18","userId":"94e5ed7f-af1b-4ea2-8ab2-9880406a29ca"}
{"correlationId":"813e2e9f-89ba-4a84-8df3-8472154468f7","level":"info","message":"Initiating Didit verification","service":"didit-verification","timestamp":"2025-11-10 10:40:05","userId":"37bc827c-3fbf-4de5-bb2c-c6252eadfb05"}
{"level":"info","message":"Created new user for verification","service":"didit-verification","timestamp":"2025-11-10 10:40:05","userId":"37bc827c-3fbf-4de5-bb2c-c6252eadfb05"}
{"level":"info","message":"User verification retry incremented","retriesRemaining":1,"retryCount":1,"service":"didit-verification","timestamp":"2025-11-10 10:40:06","userId":"37bc827c-3fbf-4de5-bb2c-c6252eadfb05"}
{"level":"info","message":"Session stored in Redis","service":"didit-verification","session_id":"a5491d2f-47df-4e12-8bd2-4b3727fa65d2","timestamp":"2025-11-10 10:40:06"}
{"correlationId":"813e2e9f-89ba-4a84-8df3-8472154468f7","level":"info","message":"Didit session created","service":"didit-verification","session_id":"a5491d2f-47df-4e12-8bd2-4b3727fa65d2","timestamp":"2025-11-10 10:40:06","userId":"37bc827c-3fbf-4de5-bb2c-c6252eadfb05"}
{"level":"info","message":"Retrieving verification session","service":"didit-verification","sessionId":"37bc827c-3fbf-4de5-bb2c-c6252eadfb05","timestamp":"2025-11-10 10:58:04"}
{"error":"\n<!doctype html>\n<html lang=\"en\">\n<head>\n  <title>Not Found</title>\n</head>\n<body>\n  <h1>Not Found</h1><p>The requested resource was not found on this server.</p>\n</body>\n</html>\n","level":"error","message":"Failed to retrieve session","service":"didit-verification","sessionId":"37bc827c-3fbf-4de5-bb2c-c6252eadfb05","timestamp":"2025-11-10 10:58:05"}
{"level":"info","message":"Retrieving verification session","service":"didit-verification","sessionId":"37bc827c-3fbf-4de5-bb2c-c6252eadfb05","timestamp":"2025-11-10 10:59:13"}
{"error":"\n<!doctype html>\n<html lang=\"en\">\n<head>\n  <title>Not Found</title>\n</head>\n<body>\n  <h1>Not Found</h1><p>The requested resource was not found on this server.</p>\n</body>\n</html>\n","level":"error","message":"Failed to retrieve session","service":"didit-verification","sessionId":"37bc827c-3fbf-4de5-bb2c-c6252eadfb05","timestamp":"2025-11-10 10:59:14"}
{"level":"info","message":"Retrieving verification session","service":"didit-verification","sessionId":"37bc827c-3fbf-4de5-bb2c-c6252eadfb05","timestamp":"2025-11-10 10:59:50"}
{"error":"\n<!doctype html>\n<html lang=\"en\">\n<head>\n  <title>Not Found</title>\n</head>\n<body>\n  <h1>Not Found</h1><p>The requested resource was not found on this server.</p>\n</body>\n</html>\n","level":"error","message":"Failed to retrieve session","service":"didit-verification","sessionId":"37bc827c-3fbf-4de5-bb2c-c6252eadfb05","timestamp":"2025-11-10 10:59:50"}
{"level":"info","message":"Retrieving verification session","service":"didit-verification","sessionId":"37bc827c-3fbf-4de5-bb2c-c6252eadfb05","timestamp":"2025-11-10 11:00:30"}
{"error":"\n<!doctype html>\n<html lang=\"en\">\n<head>\n  <title>Not Found</title>\n</head>\n<body>\n  <h1>Not Found</h1><p>The requested resource was not found on this server.</p>\n</body>\n</html>\n","level":"error","message":"Failed to retrieve session","service":"didit-verification","sessionId":"37bc827c-3fbf-4de5-bb2c-c6252eadfb05","timestamp":"2025-11-10 11:00:30"}
{"level":"info","message":"Retrieving verification session","service":"didit-verification","sessionId":"create","timestamp":"2025-11-10 11:01:30"}
{"error":"\n<!doctype html>\n<html lang=\"en\">\n<head>\n  <title>Not Found</title>\n</head>\n<body>\n  <h1>Not Found</h1><p>The requested resource was not found on this server.</p>\n</body>\n</html>\n","level":"error","message":"Failed to retrieve session","service":"didit-verification","sessionId":"create","timestamp":"2025-11-10 11:01:30"}
{"level":"info","message":"Retrieving verification session","service":"didit-verification","sessionId":"create","timestamp":"2025-11-10 11:11:20"}
{"error":"\n<!doctype html>\n<html lang=\"en\">\n<head>\n  <title>Not Found</title>\n</head>\n<body>\n  <h1>Not Found</h1><p>The requested resource was not found on this server.</p>\n</body>\n</html>\n","level":"error","message":"Failed to retrieve session","service":"didit-verification","sessionId":"create","timestamp":"2025-11-10 11:11:20"}
{"level":"info","message":"Retrieving verification session","service":"didit-verification","sessionId":"create","timestamp":"2025-11-10 11:20:52"}
{"error":"\n<!doctype html>\n<html lang=\"en\">\n<head>\n  <title>Not Found</title>\n</head>\n<body>\n  <h1>Not Found</h1><p>The requested resource was not found on this server.</p>\n</body>\n</html>\n","level":"error","message":"Failed to retrieve session","service":"didit-verification","sessionId":"create","timestamp":"2025-11-10 11:20:53"}
{"correlationId":"f3c6862e-31fd-44ea-b7dc-971044cb60a0","level":"info","message":"Creating verification session","service":"didit-verification","timestamp":"2025-11-10 11:27:21","userId":"8ddf0389-bd10-43a5-8f95-e22e57bde3d0"}
{"correlationId":"f3c6862e-31fd-44ea-b7dc-971044cb60a0","level":"info","message":"Verification session created","service":"didit-verification","session_id":"2a26ab88-cecc-4fee-92f7-929eba501321","session_number":9,"timestamp":"2025-11-10 11:27:22","userId":"8ddf0389-bd10-43a5-8f95-e22e57bde3d0"}
{"correlationId":"b2dd5c58-8c35-485b-94e2-8776be4335a9","level":"info","message":"Creating verification session","service":"didit-verification","timestamp":"2025-11-10 11:28:58","userId":"6c8d8016-71ad-4941-8cf7-af76ae63d415"}
{"correlationId":"b2dd5c58-8c35-485b-94e2-8776be4335a9","level":"info","message":"Verification session created","service":"didit-verification","session_id":"8fc93c06-6251-4b83-9f99-5cebc525ea8a","session_number":10,"timestamp":"2025-11-10 11:28:59","userId":"6c8d8016-71ad-4941-8cf7-af76ae63d415"}
{"correlationId":"1bfec305-b5ff-47d7-95b0-c49768520608","level":"info","message":"Sending phone verification code","phoneNumber":"***6284","service":"didit-verification","timestamp":"2025-11-10 11:29:15","userId":"b18ecc23-95f7-45e4-8e46-e89927261407"}
{"correlationId":"1bfec305-b5ff-47d7-95b0-c49768520608","error":{"phone_number":["This field is required."]},"level":"error","message":"Failed to send phone verification code","phoneNumber":"***6284","service":"didit-verification","timestamp":"2025-11-10 11:29:15","userId":"b18ecc23-95f7-45e4-8e46-e89927261407"}
{"correlationId":"b4100773-682a-4562-810a-8d822a501b72","level":"info","message":"Sending phone verification code","phoneNumber":"***6284","service":"didit-verification","timestamp":"2025-11-10 11:31:11","userId":"5268fd97-44fe-46aa-b4e6-fa26dafdd78f"}
{"level":"info","message":"Phone verification code sent","phone":"***6284","request_id":"fa64aff9-d31a-41b0-8877-6c67f166ff71","service":"didit-verification","timestamp":"2025-11-10 11:31:12","userId":"5268fd97-44fe-46aa-b4e6-fa26dafdd78f"}
{"correlationId":"368285cf-ed9a-4650-9378-641806495b63","level":"info","message":"Sending phone verification code","phoneNumber":"***6284","service":"didit-verification","timestamp":"2025-11-10 11:31:27","userId":"187c2dd7-61c8-4012-891c-17096e4f4450"}
{"level":"info","message":"Phone verification code sent","phone":"***6284","request_id":"fa64aff9-d31a-41b0-8877-6c67f166ff71","service":"didit-verification","timestamp":"2025-11-10 11:31:28","userId":"187c2dd7-61c8-4012-891c-17096e4f4450"}
{"level":"info","message":"Checking phone verification code","requestId":"fa64aff9-d31a-41b0-8877-6c67f166ff71","service":"didit-verification","timestamp":"2025-11-10 11:31:33","userId":"4cc41f4e-0280-47f5-8078-5b17464cf658"}
{"error":{"phone_number":["This field is required."]},"level":"error","message":"Failed to check phone verification code","requestId":"fa64aff9-d31a-41b0-8877-6c67f166ff71","service":"didit-verification","timestamp":"2025-11-10 11:31:33","userId":"4cc41f4e-0280-47f5-8078-5b17464cf658"}
{"correlationId":"ef9e2880-15df-4a6d-aeb7-953475731547","level":"info","message":"Sending phone verification code","phoneNumber":"***6284","service":"didit-verification","timestamp":"2025-11-10 11:34:22","userId":"c985284c-de8f-4e06-aef0-79a215dd29a5"}
{"level":"info","message":"Phone verification code sent","phone":"***6284","request_id":"00f56347-2f0c-4c7b-8004-64620d828fd6","service":"didit-verification","timestamp":"2025-11-10 11:34:23","userId":"c985284c-de8f-4e06-aef0-79a215dd29a5"}
{"level":"info","message":"Checking phone verification code","requestId":"00f56347-2f0c-4c7b-8004-64620d828fd6","service":"didit-verification","timestamp":"2025-11-10 11:34:59","userId":"9dd860d2-2b2e-47f2-a1ab-306c63202aea"}
{"error":{"phone_number":["This field is required."]},"level":"error","message":"Failed to check phone verification code","requestId":"00f56347-2f0c-4c7b-8004-64620d828fd6","service":"didit-verification","timestamp":"2025-11-10 11:35:00","userId":"9dd860d2-2b2e-47f2-a1ab-306c63202aea"}
{"level":"info","message":"Checking phone verification code","requestId":"00f56347-2f0c-4c7b-8004-64620d828fd6","service":"didit-verification","timestamp":"2025-11-10 11:35:16","userId":"46ee520a-aa6c-4902-8d35-b023701a607d"}
{"error":{"phone_number":["This field is required."]},"level":"error","message":"Failed to check phone verification code","requestId":"00f56347-2f0c-4c7b-8004-64620d828fd6","service":"didit-verification","timestamp":"2025-11-10 11:35:16","userId":"46ee520a-aa6c-4902-8d35-b023701a607d"}
{"correlationId":"f418b5ee-b37b-4996-bd6b-0d3811222491","level":"info","message":"Sending phone verification code","phoneNumber":"***6284","service":"didit-verification","timestamp":"2025-11-10 11:35:43","userId":"1267d0b0-63e0-4f95-81ee-cb9289bdbe34"}
{"level":"info","message":"Phone verification code sent","phone":"***6284","request_id":"00f56347-2f0c-4c7b-8004-64620d828fd6","service":"didit-verification","timestamp":"2025-11-10 11:35:45","userId":"1267d0b0-63e0-4f95-81ee-cb9289bdbe34"}
{"level":"info","message":"Checking phone verification code","requestId":"00f56347-2f0c-4c7b-8004-64620d828fd6","service":"didit-verification","timestamp":"2025-11-10 11:36:03","userId":"ab9178bb-12ce-4016-9da0-50bbf1304fd9"}
{"error":{"phone_number":["This field is required."]},"level":"error","message":"Failed to check phone verification code","requestId":"00f56347-2f0c-4c7b-8004-64620d828fd6","service":"didit-verification","timestamp":"2025-11-10 11:36:04","userId":"ab9178bb-12ce-4016-9da0-50bbf1304fd9"}
{"correlationId":"c69f6e19-3f83-4857-accd-9ff902654769","level":"info","message":"Sending phone verification code","phoneNumber":"***6284","service":"didit-verification","timestamp":"2025-11-10 11:38:19","userId":"78555df1-76a4-4191-9a55-5b8904ac867d"}
{"level":"info","message":"Phone verification code sent","phone":"***6284","request_id":"b0ef0175-3397-4615-b50f-274bbc80249b","service":"didit-verification","timestamp":"2025-11-10 11:38:20","userId":"78555df1-76a4-4191-9a55-5b8904ac867d"}
{"level":"info","message":"Checking phone verification code","requestId":"b0ef0175-3397-4615-b50f-274bbc80249b","service":"didit-verification","timestamp":"2025-11-10 11:38:56","userId":"9309525c-3bcb-4d70-bc16-e1705005b04d"}
{"level":"info","message":"Including phone number in verification check","phone":"***6284","requestId":"b0ef0175-3397-4615-b50f-274bbc80249b","service":"didit-verification","timestamp":"2025-11-10 11:38:56"}
{"correlationId":"71482033-8c9d-4074-ada1-5708428f6678","level":"info","message":"Sending phone verification code","phoneNumber":"***6284","service":"didit-verification","timestamp":"2025-11-10 11:41:04","userId":"66c335b1-1269-4d59-b783-367e7a8cbf9a"}
{"level":"info","message":"Phone verification code sent","phone":"***6284","request_id":"d9936179-7450-4adc-81d6-65e11d1d43bc","service":"didit-verification","timestamp":"2025-11-10 11:41:05","userId":"66c335b1-1269-4d59-b783-367e7a8cbf9a"}
{"level":"info","message":"Checking phone verification code","requestId":"d9936179-7450-4adc-81d6-65e11d1d43bc","service":"didit-verification","timestamp":"2025-11-10 11:41:24","userId":"e71111e4-f394-4a4d-93a1-44a0dd3f4422"}
{"level":"info","message":"Including phone number in verification check","phone":"***6284","requestId":"d9936179-7450-4adc-81d6-65e11d1d43bc","service":"didit-verification","timestamp":"2025-11-10 11:41:24"}
{"level":"info","message":"Checking phone verification code","requestId":"d9936179-7450-4adc-81d6-65e11d1d43bc","service":"didit-verification","timestamp":"2025-11-10 11:41:49","userId":"05ed63ec-2ea0-4c30-93e4-86e2db95f06f"}
{"error":{"phone_number":["This field is required."]},"level":"error","message":"Failed to check phone verification code","requestId":"d9936179-7450-4adc-81d6-65e11d1d43bc","service":"didit-verification","timestamp":"2025-11-10 11:41:52","userId":"05ed63ec-2ea0-4c30-93e4-86e2db95f06f"}
{"level":"info","message":"Checking phone verification code","requestId":"d9936179-7450-4adc-81d6-65e11d1d43bc","service":"didit-verification","timestamp":"2025-11-10 11:42:06","userId":"b6ffa9d8-1f0b-4e86-b08e-e00883c78755"}
{"error":{"phone_number":["This field is required."]},"level":"error","message":"Failed to check phone verification code","requestId":"d9936179-7450-4adc-81d6-65e11d1d43bc","service":"didit-verification","timestamp":"2025-11-10 11:42:06","userId":"b6ffa9d8-1f0b-4e86-b08e-e00883c78755"}
{"correlationId":"74babe48-8ee5-489b-9908-034540806b61","level":"info","message":"Sending phone verification code","phoneNumber":"***6284","service":"didit-verification","timestamp":"2025-11-10 11:43:54","userId":"66d0b5bf-86e9-4b22-be78-4cfe76ef8be3"}
{"level":"info","message":"Phone verification code sent","phone":"***6284","request_id":"072d71ad-c109-4c00-84b2-b318bf3b25cc","service":"didit-verification","timestamp":"2025-11-10 11:43:55","userId":"66d0b5bf-86e9-4b22-be78-4cfe76ef8be3"}
{"level":"info","message":"Checking phone verification code","requestId":"072d71ad-c109-4c00-84b2-b318bf3b25cc","service":"didit-verification","timestamp":"2025-11-10 11:44:09","userId":"10462bf6-81fa-473e-8c21-ca73d5d1f58e"}
{"level":"info","message":"Including phone number in verification check","phone":"***6284","requestId":"072d71ad-c109-4c00-84b2-b318bf3b25cc","service":"didit-verification","timestamp":"2025-11-10 11:44:09"}
{"correlationId":"9e09545d-41be-49ea-87b2-8cb1e72814bd","level":"info","message":"Sending phone verification code","phoneNumber":"***6284","service":"didit-verification","timestamp":"2025-11-10 11:44:52","userId":"51121ae2-ebf1-42cd-b5ce-b40c663d5e33"}
{"level":"info","message":"Phone verification code sent","phone":"***6284","request_id":"718d49ac-3d57-46e1-a3d7-945f6fee602d","service":"didit-verification","timestamp":"2025-11-10 11:44:53","userId":"51121ae2-ebf1-42cd-b5ce-b40c663d5e33"}
{"correlationId":"20edb2f7-1387-46c8-bc32-fa21b2a2a60a","level":"info","message":"Sending phone verification code","phoneNumber":"***6284","service":"didit-verification","timestamp":"2025-11-10 11:45:17","userId":"46b92d1c-7a03-4ef3-bc78-88d61877d212"}
{"level":"info","message":"Phone verification code sent","phone":"***6284","request_id":"61263e3b-3e09-4e54-bf2a-ae77a2d9ea6a","service":"didit-verification","timestamp":"2025-11-10 11:45:22","userId":"46b92d1c-7a03-4ef3-bc78-88d61877d212"}
{"level":"info","message":"Checking phone verification code","requestId":"61263e3b-3e09-4e54-bf2a-ae77a2d9ea6a","service":"didit-verification","timestamp":"2025-11-10 11:45:35","userId":"6a3bf222-4c55-40dd-a56e-7093a7dd122a"}
{"level":"info","message":"Including phone number in verification check","phone":"***6284","requestId":"61263e3b-3e09-4e54-bf2a-ae77a2d9ea6a","service":"didit-verification","timestamp":"2025-11-10 11:45:35"}
{"correlationId":"3f1da62c-2e36-4674-9e38-d7dde0882c7c","level":"info","message":"Creating verification session","service":"didit-verification","timestamp":"2025-11-10 12:02:05","userId":"f40abeb2-a39d-4b06-a377-0c2027e16c70"}
{"correlationId":"3f1da62c-2e36-4674-9e38-d7dde0882c7c","level":"info","message":"Verification session created","service":"didit-verification","session_id":"ab2593fd-58cd-4fef-ab9d-898042bb0855","session_number":18,"timestamp":"2025-11-10 12:02:06","userId":"f40abeb2-a39d-4b06-a377-0c2027e16c70"}
{"correlationId":"74dfdcfe-179f-43db-a4f2-d90212f91dc2","level":"info","message":"Creating verification session","service":"didit-verification","timestamp":"2025-11-10 12:07:00","userId":"f40abeb2-a39d-4b06-a377-0c2027e16c70"}
{"correlationId":"74dfdcfe-179f-43db-a4f2-d90212f91dc2","level":"info","message":"Verification session created","service":"didit-verification","session_id":"cc6a3500-fc65-4f58-ad05-0a2ad3d61906","session_number":19,"timestamp":"2025-11-10 12:07:00","userId":"f40abeb2-a39d-4b06-a377-0c2027e16c70"}
{"correlationId":"ed79352f-7871-40ef-8108-102d847114da","level":"info","message":"Creating verification session","service":"didit-verification","timestamp":"2025-11-10 12:13:39","userId":"ab1ae56e-6897-473f-b973-5b9ba811f858"}
{"correlationId":"ed79352f-7871-40ef-8108-102d847114da","level":"info","message":"Verification session created","service":"didit-verification","session_id":"360d5812-4b3f-4043-9a19-fecc2a453542","session_number":20,"timestamp":"2025-11-10 12:13:39","userId":"ab1ae56e-6897-473f-b973-5b9ba811f858"}
{"correlationId":"35a03b77-7114-4854-aacf-dfa0eddeb769","level":"info","message":"Sending phone verification code","phoneNumber":"***6284","service":"didit-verification","timestamp":"2025-11-10 12:14:50","userId":"ab1ae56e-6897-473f-b973-5b9ba811f858"}
{"level":"info","message":"Phone verification code sent","phone":"***6284","request_id":"b9823ffb-de06-4639-afaf-8d65b4697acb","service":"didit-verification","timestamp":"2025-11-10 12:14:51","userId":"ab1ae56e-6897-473f-b973-5b9ba811f858"}
{"correlationId":"1a0e1672-37db-4bd4-b627-a15057e5c22f","level":"info","message":"Sending phone verification code","phoneNumber":"***6284","service":"didit-verification","timestamp":"2025-11-10 12:15:18","userId":"ab1ae56e-6897-473f-b973-5b9ba811f858"}
{"level":"info","message":"Phone verification code sent","phone":"***6284","request_id":"69f090e2-6e40-4703-9800-d1c3ae359ad0","service":"didit-verification","timestamp":"2025-11-10 12:15:19","userId":"ab1ae56e-6897-473f-b973-5b9ba811f858"}
{"correlationId":"4f55205a-9618-4daa-a3eb-9d34f5b0e458","level":"info","message":"Sending phone verification code","phoneNumber":"***6284","service":"didit-verification","timestamp":"2025-11-10 12:16:45","userId":"938d8502-fc0a-444f-b9fb-3309fb94d6d4"}
{"level":"info","message":"Phone verification code sent","phone":"***6284","request_id":"9bb3d4da-297d-49f4-b9d3-d5afd3257665","service":"didit-verification","timestamp":"2025-11-10 12:16:46","userId":"938d8502-fc0a-444f-b9fb-3309fb94d6d4"}
{"level":"info","message":"Checking phone verification code","requestId":"9bb3d4da-297d-49f4-b9d3-d5afd3257665","service":"didit-verification","timestamp":"2025-11-10 12:17:16","userId":"938d8502-fc0a-444f-b9fb-3309fb94d6d4"}
{"level":"info","message":"Including phone number in verification check","phone":"***6284","requestId":"9bb3d4da-297d-49f4-b9d3-d5afd3257665","service":"didit-verification","timestamp":"2025-11-10 12:17:16"}
{"correlationId":"5da4d0ab-6bd1-47dc-a047-c27dd1044439","level":"info","message":"Creating verification session","service":"didit-verification","timestamp":"2025-11-10 12:21:47","userId":"938d8502-fc0a-444f-b9fb-3309fb94d6d4"}
{"correlationId":"5da4d0ab-6bd1-47dc-a047-c27dd1044439","level":"info","message":"Verification session created","service":"didit-verification","session_id":"e5795205-04b4-4c57-8c89-a3f6427eee3d","session_number":24,"timestamp":"2025-11-10 12:21:50","userId":"938d8502-fc0a-444f-b9fb-3309fb94d6d4"}
{"correlationId":"960e0d50-8d02-4696-8a80-79a971ba8fea","level":"info","message":"Sending phone verification code","phoneNumber":"***6284","service":"didit-verification","timestamp":"2025-11-10 12:21:55","userId":"938d8502-fc0a-444f-b9fb-3309fb94d6d4"}
{"level":"info","message":"Phone verification code sent","phone":"***6284","request_id":"0b9320fb-8051-4b93-9fbb-12501b954036","service":"didit-verification","timestamp":"2025-11-10 12:21:56","userId":"938d8502-fc0a-444f-b9fb-3309fb94d6d4"}
{"correlationId":"37200967-48db-4ccf-a659-6129690481ea","level":"info","message":"Sending phone verification code","phoneNumber":"***6284","service":"didit-verification","timestamp":"2025-11-10 12:25:50","userId":"938d8502-fc0a-444f-b9fb-3309fb94d6d4"}
{"level":"info","message":"Phone verification code sent","phone":"***6284","request_id":"0aef7614-30e1-4d88-8940-5e5b37b2cca9","service":"didit-verification","timestamp":"2025-11-10 12:25:51","userId":"938d8502-fc0a-444f-b9fb-3309fb94d6d4"}
{"correlationId":"1574e5ba-a68b-47b3-a48a-c107fc357d64","level":"info","message":"Sending phone verification code","phoneNumber":"***5761","service":"didit-verification","timestamp":"2025-11-10 12:26:54","userId":"938d8502-fc0a-444f-b9fb-3309fb94d6d4"}
{"level":"info","message":"Phone verification code sent","phone":"***5761","request_id":"ad88d998-f6e9-41bb-bfb8-5c8803f914cc","service":"didit-verification","timestamp":"2025-11-10 12:26:55","userId":"938d8502-fc0a-444f-b9fb-3309fb94d6d4"}
{"level":"info","message":"Checking phone verification code","requestId":"ad88d998-f6e9-41bb-bfb8-5c8803f914cc","service":"didit-verification","timestamp":"2025-11-10 12:27:12","userId":"938d8502-fc0a-444f-b9fb-3309fb94d6d4"}
{"level":"info","message":"Including phone number in verification check","phone":"***5761","requestId":"ad88d998-f6e9-41bb-bfb8-5c8803f914cc","service":"didit-verification","timestamp":"2025-11-10 12:27:12"}
{"correlationId":"c3a61e16-3225-4a22-b3bf-c449f9190e32","level":"info","message":"Sending phone verification code","phoneNumber":"***5761","service":"didit-verification","timestamp":"2025-11-10 12:29:29","userId":"938d8502-fc0a-444f-b9fb-3309fb94d6d4"}
{"level":"info","message":"Phone verification code sent","phone":"***5761","request_id":"873e1e01-6d56-499c-85d5-3b1aaec7345e","service":"didit-verification","timestamp":"2025-11-10 12:29:30","userId":"938d8502-fc0a-444f-b9fb-3309fb94d6d4"}
{"level":"info","message":"Checking phone verification code","requestId":"873e1e01-6d56-499c-85d5-3b1aaec7345e","service":"didit-verification","timestamp":"2025-11-10 12:30:31","userId":"938d8502-fc0a-444f-b9fb-3309fb94d6d4"}
{"level":"info","message":"Including phone number in verification check","phone":"***5761","requestId":"873e1e01-6d56-499c-85d5-3b1aaec7345e","service":"didit-verification","timestamp":"2025-11-10 12:30:31"}
{"correlationId":"3bcc5178-838c-4f2a-9d47-9be0fbfe9083","level":"info","message":"Creating verification session","service":"didit-verification","timestamp":"2025-11-10 12:43:59","userId":"be7e2564-0319-4c8c-9dfb-03dc2b31918f"}
{"correlationId":"3bcc5178-838c-4f2a-9d47-9be0fbfe9083","level":"info","message":"Verification session created","service":"didit-verification","session_id":"06c4dc2a-cdaf-471a-ba56-1f1703481a14","session_number":30,"timestamp":"2025-11-10 12:44:00","userId":"be7e2564-0319-4c8c-9dfb-03dc2b31918f"}
{"correlationId":"94ae4f45-a049-44fe-a25f-eefa7a0b60b6","level":"info","message":"Sending phone verification code","phoneNumber":"***6284","service":"didit-verification","timestamp":"2025-11-10 12:45:22","userId":"be7e2564-0319-4c8c-9dfb-03dc2b31918f"}
{"level":"info","message":"Phone verification code sent","phone":"***6284","request_id":"2d0b41ec-3252-458b-9a34-b0ac5f6d0a07","service":"didit-verification","timestamp":"2025-11-10 12:45:23","userId":"be7e2564-0319-4c8c-9dfb-03dc2b31918f"}
{"level":"info","message":"Checking phone verification code","requestId":"2d0b41ec-3252-458b-9a34-b0ac5f6d0a07","service":"didit-verification","timestamp":"2025-11-10 12:45:38","userId":"be7e2564-0319-4c8c-9dfb-03dc2b31918f"}
{"level":"info","message":"Including phone number in verification check","phone":"***6284","requestId":"2d0b41ec-3252-458b-9a34-b0ac5f6d0a07","service":"didit-verification","timestamp":"2025-11-10 12:45:38"}
{"level":"info","message":"Checking phone verification code","requestId":"2d0b41ec-3252-458b-9a34-b0ac5f6d0a07","service":"didit-verification","timestamp":"2025-11-10 12:47:44","userId":"be7e2564-0319-4c8c-9dfb-03dc2b31918f"}
{"level":"info","message":"Using phone number from request body for verification check","phone":"***6284","requestId":"2d0b41ec-3252-458b-9a34-b0ac5f6d0a07","service":"didit-verification","timestamp":"2025-11-10 12:47:44"}
{"correlationId":"fc485458-35d3-43fd-ad00-55c49a66e1e2","level":"info","message":"Sending phone verification code","phoneNumber":"***6284","service":"didit-verification","timestamp":"2025-11-10 12:47:59","userId":"be7e2564-0319-4c8c-9dfb-03dc2b31918f"}
{"level":"info","message":"Phone verification code sent","phone":"***6284","request_id":"ef79fe06-0d6d-4dea-b84f-4a5cfd0fbf8e","service":"didit-verification","timestamp":"2025-11-10 12:48:05","userId":"be7e2564-0319-4c8c-9dfb-03dc2b31918f"}
{"level":"info","message":"Checking phone verification code","requestId":"ef79fe06-0d6d-4dea-b84f-4a5cfd0fbf8e","service":"didit-verification","timestamp":"2025-11-10 12:48:20","userId":"be7e2564-0319-4c8c-9dfb-03dc2b31918f"}
{"level":"info","message":"Checking phone verification code","requestId":"ef79fe06-0d6d-4dea-b84f-4a5cfd0fbf8e","service":"didit-verification","timestamp":"2025-11-10 12:51:24","userId":"be7e2564-0319-4c8c-9dfb-03dc2b31918f"}
{"level":"info","message":"Using phone number from request body for verification check","phone":"***6284","requestId":"ef79fe06-0d6d-4dea-b84f-4a5cfd0fbf8e","service":"didit-verification","timestamp":"2025-11-10 12:51:24"}
{"correlationId":"9abc74a9-7fe3-419e-b948-6c997326c20f","level":"info","message":"Sending phone verification code","phoneNumber":"***6284","service":"didit-verification","timestamp":"2025-11-10 12:51:27","userId":"be7e2564-0319-4c8c-9dfb-03dc2b31918f"}
{"level":"info","message":"Phone verification code sent","phone":"***6284","request_id":"cc6de812-b690-4106-9288-cbe73dd51e24","service":"didit-verification","timestamp":"2025-11-10 12:51:28","userId":"be7e2564-0319-4c8c-9dfb-03dc2b31918f"}
{"level":"info","message":"Checking phone verification code","requestId":"cc6de812-b690-4106-9288-cbe73dd51e24","service":"didit-verification","timestamp":"2025-11-10 12:51:38","userId":"be7e2564-0319-4c8c-9dfb-03dc2b31918f"}
{"correlationId":"d9dbcec4-24cd-4d84-92b2-8c22ea77313d","level":"info","message":"Creating verification session","service":"didit-verification","timestamp":"2025-11-10 12:56:14","userId":"be7e2564-0319-4c8c-9dfb-03dc2b31918f"}
{"correlationId":"d9dbcec4-24cd-4d84-92b2-8c22ea77313d","level":"info","message":"Verification session created","service":"didit-verification","session_id":"485b7f59-4582-4c6f-8ecc-f1d5a9e86831","session_number":34,"timestamp":"2025-11-10 12:56:15","userId":"be7e2564-0319-4c8c-9dfb-03dc2b31918f"}
{"correlationId":"6af401bd-4144-44cc-80d8-d54d61638145","level":"info","message":"Sending phone verification code","phoneNumber":"***6284","service":"didit-verification","timestamp":"2025-11-10 12:56:24","userId":"be7e2564-0319-4c8c-9dfb-03dc2b31918f"}
{"level":"info","message":"Phone verification code sent","phone":"***6284","request_id":"f2c8841b-a606-4a90-9e7e-ec2dba48d65f","service":"didit-verification","timestamp":"2025-11-10 12:56:25","userId":"be7e2564-0319-4c8c-9dfb-03dc2b31918f"}
{"correlationId":"c6a6c52e-3fae-4e6d-a4ab-f5ba1e665721","level":"info","message":"Sending phone verification code","phoneNumber":"***6284","service":"didit-verification","timestamp":"2025-11-10 13:01:29","userId":"be7e2564-0319-4c8c-9dfb-03dc2b31918f"}
{"level":"info","message":"Phone verification code sent","phone":"***6284","request_id":"24c2d1c6-8504-4b48-ac07-f7c028280aec","service":"didit-verification","timestamp":"2025-11-10 13:01:30","userId":"be7e2564-0319-4c8c-9dfb-03dc2b31918f"}
{"level":"info","message":"Checking phone verification code","requestId":"24c2d1c6-8504-4b48-ac07-f7c028280aec","service":"didit-verification","timestamp":"2025-11-10 13:08:54","userId":"be7e2564-0319-4c8c-9dfb-03dc2b31918f"}
{"level":"info","message":"Using phone number from request body for verification check","phone":"***6284","requestId":"24c2d1c6-8504-4b48-ac07-f7c028280aec","service":"didit-verification","timestamp":"2025-11-10 13:08:54"}
{"correlationId":"735fec0b-8646-4170-8458-a68f5e7889f5","level":"info","message":"Sending phone verification code","phoneNumber":"***6284","service":"didit-verification","timestamp":"2025-11-10 13:09:44","userId":"be7e2564-0319-4c8c-9dfb-03dc2b31918f"}
{"level":"info","message":"Phone verification code sent","phone":"***6284","request_id":"d77447c6-8188-4f4f-a577-df5eaf127cdc","service":"didit-verification","timestamp":"2025-11-10 13:09:45","userId":"be7e2564-0319-4c8c-9dfb-03dc2b31918f"}
{"correlationId":"c6c74e6f-d8fc-4aca-a695-e6181c6b9f7f","level":"info","message":"Sending phone verification code","phoneNumber":"***6284","service":"didit-verification","timestamp":"2025-11-10 13:10:03","userId":"be7e2564-0319-4c8c-9dfb-03dc2b31918f"}
{"level":"info","message":"Phone verification code sent","phone":"***6284","request_id":"407033e3-b916-4d8f-8ae5-efb886fdb6e1","service":"didit-verification","timestamp":"2025-11-10 13:10:04","userId":"be7e2564-0319-4c8c-9dfb-03dc2b31918f"}
{"correlationId":"c2c752c0-7f49-4b2e-8070-7b2c51504cf9","level":"info","message":"Sending phone verification code","phoneNumber":"***5761","service":"didit-verification","timestamp":"2025-11-10 13:10:21","userId":"be7e2564-0319-4c8c-9dfb-03dc2b31918f"}
{"level":"info","message":"Phone verification code sent","phone":"***5761","request_id":"e6323199-fda6-48ba-87ce-2f0cea285627","service":"didit-verification","timestamp":"2025-11-10 13:10:22","userId":"be7e2564-0319-4c8c-9dfb-03dc2b31918f"}
{"correlationId":"0cf9c14d-53e3-43b7-b6b2-dbe9a2b1b734","level":"info","message":"Sending phone verification code","phoneNumber":"***5761","service":"didit-verification","timestamp":"2025-11-10 13:16:49","userId":"be7e2564-0319-4c8c-9dfb-03dc2b31918f"}
{"level":"info","message":"Phone verification code sent","phone":"***5761","request_id":"433eb52f-0717-4891-b7bf-3fd371564205","service":"didit-verification","timestamp":"2025-11-10 13:16:50","userId":"be7e2564-0319-4c8c-9dfb-03dc2b31918f"}
{"correlationId":"b79cdeb1-4fc2-490b-af63-2f5d90da75e7","level":"info","message":"Sending phone verification code","phoneNumber":"***6284","service":"didit-verification","timestamp":"2025-11-10 13:17:19","userId":"ef3c7377-7364-40ef-997f-939c20c80f26"}
{"level":"info","message":"Phone verification code sent","phone":"***6284","request_id":"81a73a47-2db5-43e1-80bc-9701e6f04af4","service":"didit-verification","timestamp":"2025-11-10 13:17:19","userId":"ef3c7377-7364-40ef-997f-939c20c80f26"}
{"correlationId":"4ae68c22-ff12-4026-899c-1114c737931e","level":"info","message":"Sending phone verification code","phoneNumber":"***6284","service":"didit-verification","timestamp":"2025-11-10 13:19:04","userId":"ef3c7377-7364-40ef-997f-939c20c80f26"}
{"level":"info","message":"Phone verification code sent","phone":"***6284","request_id":"7625123d-0e94-497b-94f9-e22e0ff13dff","service":"didit-verification","timestamp":"2025-11-10 13:19:05","userId":"ef3c7377-7364-40ef-997f-939c20c80f26"}
{"correlationId":"1d69bdd3-d99e-4f7b-bc5f-43490fe905e2","level":"info","message":"Sending phone verification code","phoneNumber":"***6284","service":"didit-verification","timestamp":"2025-11-10 13:27:44","userId":"28b7c1e2-5c33-4514-b6a6-4080a0603a81"}
{"level":"info","message":"Phone verification code sent","phone":"***6284","request_id":"33f08381-3f52-4f2a-850b-609c405904ce","service":"didit-verification","timestamp":"2025-11-10 13:27:44","userId":"28b7c1e2-5c33-4514-b6a6-4080a0603a81"}
{"correlationId":"2b5ed33a-11e1-4097-b738-0fa79e17a63d","level":"info","message":"Sending phone verification code","phoneNumber":"***5761","service":"didit-verification","timestamp":"2025-11-10 13:28:03","userId":"28b7c1e2-5c33-4514-b6a6-4080a0603a81"}
{"level":"info","message":"Phone verification code sent","phone":"***5761","request_id":"b63addb1-ea11-43d1-bdc3-b251055e8680","service":"didit-verification","timestamp":"2025-11-10 13:28:03","userId":"28b7c1e2-5c33-4514-b6a6-4080a0603a81"}
{"correlationId":"ca6999e1-2972-4b93-90e5-2568e7ae6878","level":"info","message":"Sending phone verification code","phoneNumber":"***6284","service":"didit-verification","timestamp":"2025-11-10 14:11:55"}
{"level":"info","message":"Phone verification code sent","phone":"***6284","request_id":"1d506479-1426-4f39-bca8-0b18bcc5d576","service":"didit-verification","timestamp":"2025-11-10 14:11:56"}
{"code":"690459","level":"info","message":"Checking phone verification code","phoneNumber":"***6284","service":"didit-verification","timestamp":"2025-11-10 14:15:36"}
